#
# There is insufficient memory for the Java Runtime Environment to continue.
# Native memory allocation (mmap) failed to map 536870912 bytes for G1 virtual space
# Possible reasons:
#   The system is out of physical RAM or swap space
#   The process is running with CompressedOops enabled, and the Java Heap may be blocking the growth of the native heap
# Possible solutions:
#   Reduce memory load on the system
#   Increase physical memory or swap space
#   Check if swap backing store is full
#   Decrease Java heap size (-Xmx/-Xms)
#   Decrease number of Java threads
#   Decrease Java thread stack sizes (-Xss)
#   Set larger code cache with -XX:ReservedCodeCacheSize=
#   JVM is running with Zero Based Compressed Oops mode in which the Java heap is
#     placed in the first 32GB address space. The Java Heap base address is the
#     maximum limit for the native heap growth. Please use -XX:HeapBaseMinAddress
#     to set the Java Heap base and to place the Java Heap above 32GB virtual address.
# This output file may be truncated or incomplete.
#
#  Out of Memory Error (os_windows.cpp:3613), pid=53364, tid=58168
#
# JRE version:  (17.0.9+9) (build )
# Java VM: OpenJDK 64-Bit Server VM (17.0.9+9, mixed mode, sharing, tiered, compressed oops, compressed class ptrs, g1 gc, windows-amd64)
# No core dump will be written. Minidumps are not enabled by default on client versions of Windows
#

---------------  S U M M A R Y ------------

Command Line: 

Host: AMD Ryzen 7 5800X 8-Core Processor             , 16 cores, 31G,  Windows 11 , 64 bit Build 26100 (10.0.26100.6725)
Time: Tue Nov 11 21:19:09 2025 Romance Standard Time elapsed time: 0.097589 seconds (0d 0h 0m 0s)

---------------  T H R E A D  ---------------

Current thread (0x000002290934e7e0):  JavaThread "Unknown thread" [_thread_in_vm, id=58168, stack(0x000000b509600000,0x000000b509700000)]

Stack: [0x000000b509600000,0x000000b509700000]
Native frames: (J=compiled Java code, j=interpreted, Vv=VM code, C=native code)
V  [jvm.dll+0x67cf49]
V  [jvm.dll+0x83478a]
V  [jvm.dll+0x83624e]
V  [jvm.dll+0x8368b3]
V  [jvm.dll+0x247f1f]
V  [jvm.dll+0x679d69]
V  [jvm.dll+0x66e6ba]
V  [jvm.dll+0x307e5b]
V  [jvm.dll+0x30f306]
V  [jvm.dll+0x35f0ce]
V  [jvm.dll+0x35f2ff]
V  [jvm.dll+0x2dea58]
V  [jvm.dll+0x2df9c4]
V  [jvm.dll+0x806031]
V  [jvm.dll+0x36cf31]
V  [jvm.dll+0x7e4aac]
V  [jvm.dll+0x3f07af]
V  [jvm.dll+0x3f23e1]
C  [jli.dll+0x528f]
C  [ucrtbase.dll+0x37b0]
C  [KERNEL32.DLL+0x2e8d7]
C  [ntdll.dll+0x8c53c]


---------------  P R O C E S S  ---------------

Threads class SMR info:
_java_thread_list=0x00007ffc6f5bee98, length=0, elements={
}

Java Threads: ( => current thread )

Other Threads:
  0x00000229093fc730 GCTaskThread "GC Thread#0" [stack: 0x000000b509700000,0x000000b509800000] [id=41416]
  0x00000229093fd320 ConcurrentGCThread "G1 Main Marker" [stack: 0x000000b509800000,0x000000b509900000] [id=18016]
  0x00000229093fe3f0 ConcurrentGCThread "G1 Conc#0" [stack: 0x000000b509900000,0x000000b509a00000] [id=44200]

[error occurred during error reporting (printing all threads), id 0xc0000005, EXCEPTION_ACCESS_VIOLATION (0xc0000005) at pc=0x00007ffc6ed7f497]

VM state: not at safepoint (not fully initialized)

VM Mutex/Monitor currently owned by a thread:  ([mutex/lock_event])
[0x000002290934cc10] Heap_lock - owner thread: 0x000002290934e7e0

Heap address: 0x0000000601400000, size: 8172 MB, Compressed Oops mode: Zero based, Oop shift amount: 3

CDS archive(s) mapped at: [0x0000000000000000-0x0000000000000000-0x0000000000000000), size 0, SharedBaseAddress: 0x0000000800000000, ArchiveRelocationMode: 1.
Narrow klass base: 0x0000000000000000, Narrow klass shift: 0, Narrow klass range: 0x0

GC Precious Log:
<Empty>

Heap:
 garbage-first heap   total 0K, used 0K [0x0000000601400000, 0x0000000800000000)
  region size 4096K, 0 young (0K), 0 survivors (0K)

[error occurred during error reporting (printing heap information), id 0xc0000005, EXCEPTION_ACCESS_VIOLATION (0xc0000005) at pc=0x00007ffc6f166c79]

GC Heap History (0 events):
No events

Dll operation events (1 events):
Event: 0.005 Loaded shared library D:\Program Files\Unity\Hub\Editor\6000.2.6f2\Editor\Data\PlaybackEngines\AndroidPlayer\OpenJDK\bin\java.dll

Deoptimization events (0 events):
No events

Classes unloaded (0 events):
No events

Classes redefined (0 events):
No events

Internal exceptions (0 events):
No events

VM Operations (0 events):
No events

Events (0 events):
No events


Dynamic libraries:
0x00007ff741280000 - 0x00007ff74128e000 	D:\Program Files\Unity\Hub\Editor\6000.2.6f2\Editor\Data\PlaybackEngines\AndroidPlayer\OpenJDK\bin\java.exe
0x00007ffd9e7a0000 - 0x00007ffd9ea08000 	C:\WINDOWS\SYSTEM32\ntdll.dll
0x00007ffd9d290000 - 0x00007ffd9d359000 	C:\WINDOWS\System32\KERNEL32.DLL
0x00007ffd9c170000 - 0x00007ffd9c562000 	C:\WINDOWS\System32\KERNELBASE.dll
0x00007ffd9b930000 - 0x00007ffd9ba7b000 	C:\WINDOWS\System32\ucrtbase.dll
0x00007ffd79570000 - 0x00007ffd79587000 	D:\Program Files\Unity\Hub\Editor\6000.2.6f2\Editor\Data\PlaybackEngines\AndroidPlayer\OpenJDK\bin\jli.dll
0x00007ffd79550000 - 0x00007ffd7956b000 	D:\Program Files\Unity\Hub\Editor\6000.2.6f2\Editor\Data\PlaybackEngines\AndroidPlayer\OpenJDK\bin\VCRUNTIME140.dll
0x00007ffd9e590000 - 0x00007ffd9e755000 	C:\WINDOWS\System32\USER32.dll
0x00007ffd84da0000 - 0x00007ffd85033000 	C:\WINDOWS\WinSxS\amd64_microsoft.windows.common-controls_6595b64144ccf1df_6.0.26100.6899_none_3e0efeeae32e88c1\COMCTL32.dll
0x00007ffd9bdb0000 - 0x00007ffd9bdd7000 	C:\WINDOWS\System32\win32u.dll
0x00007ffd9ccc0000 - 0x00007ffd9cceb000 	C:\WINDOWS\System32\GDI32.dll
0x00007ffd9d510000 - 0x00007ffd9d5b9000 	C:\WINDOWS\System32\msvcrt.dll
0x00007ffd9ba80000 - 0x00007ffd9bbad000 	C:\WINDOWS\System32\gdi32full.dll
0x00007ffd9bc70000 - 0x00007ffd9bd13000 	C:\WINDOWS\System32\msvcp_win.dll
0x00007ffd9d200000 - 0x00007ffd9d22f000 	C:\WINDOWS\System32\IMM32.DLL
0x00007ffd7a0d0000 - 0x00007ffd7a0dc000 	D:\Program Files\Unity\Hub\Editor\6000.2.6f2\Editor\Data\PlaybackEngines\AndroidPlayer\OpenJDK\bin\vcruntime140_1.dll
0x00007ffd335c0000 - 0x00007ffd3364d000 	D:\Program Files\Unity\Hub\Editor\6000.2.6f2\Editor\Data\PlaybackEngines\AndroidPlayer\OpenJDK\bin\msvcp140.dll
0x00007ffc6ea90000 - 0x00007ffc6f6f1000 	D:\Program Files\Unity\Hub\Editor\6000.2.6f2\Editor\Data\PlaybackEngines\AndroidPlayer\OpenJDK\bin\server\jvm.dll
0x00007ffd9d6d0000 - 0x00007ffd9d784000 	C:\WINDOWS\System32\ADVAPI32.dll
0x00007ffd9e000000 - 0x00007ffd9e0a6000 	C:\WINDOWS\System32\sechost.dll
0x00007ffd9e340000 - 0x00007ffd9e458000 	C:\WINDOWS\System32\RPCRT4.dll
0x00007ffd86580000 - 0x00007ffd8658a000 	C:\WINDOWS\SYSTEM32\WSOCK32.dll
0x00007ffd8f740000 - 0x00007ffd8f775000 	C:\WINDOWS\SYSTEM32\WINMM.dll
0x00007ffd9b790000 - 0x00007ffd9b7ee000 	C:\WINDOWS\SYSTEM32\POWRPROF.dll
0x00007ffd936a0000 - 0x00007ffd936ab000 	C:\WINDOWS\SYSTEM32\VERSION.dll
0x00007ffd9e2c0000 - 0x00007ffd9e334000 	C:\WINDOWS\System32\WS2_32.dll
0x00007ffd9b770000 - 0x00007ffd9b784000 	C:\WINDOWS\SYSTEM32\UMPDC.dll
0x00007ffd9a6c0000 - 0x00007ffd9a6db000 	C:\WINDOWS\SYSTEM32\kernel.appcore.dll
0x00007ffd78cc0000 - 0x00007ffd78cca000 	D:\Program Files\Unity\Hub\Editor\6000.2.6f2\Editor\Data\PlaybackEngines\AndroidPlayer\OpenJDK\bin\jimage.dll
0x00007ffd98b30000 - 0x00007ffd98d72000 	C:\WINDOWS\SYSTEM32\DBGHELP.DLL
0x00007ffd9d790000 - 0x00007ffd9db0b000 	C:\WINDOWS\System32\combase.dll
0x00007ffd9db10000 - 0x00007ffd9dbe7000 	C:\WINDOWS\System32\OLEAUT32.dll
0x00007ffd84ab0000 - 0x00007ffd84aec000 	C:\WINDOWS\SYSTEM32\dbgcore.DLL
0x00007ffd9bf60000 - 0x00007ffd9bff8000 	C:\WINDOWS\System32\bcryptPrimitives.dll
0x00007ffd67f50000 - 0x00007ffd67f75000 	D:\Program Files\Unity\Hub\Editor\6000.2.6f2\Editor\Data\PlaybackEngines\AndroidPlayer\OpenJDK\bin\java.dll

dbghelp: loaded successfully - version: 4.0.5 - missing functions: none
symbol engine: initialized successfully - sym options: 0x614 - pdb path: .;D:\Program Files\Unity\Hub\Editor\6000.2.6f2\Editor\Data\PlaybackEngines\AndroidPlayer\OpenJDK\bin;C:\WINDOWS\SYSTEM32;C:\WINDOWS\WinSxS\amd64_microsoft.windows.common-controls_6595b64144ccf1df_6.0.26100.6899_none_3e0efeeae32e88c1;D:\Program Files\Unity\Hub\Editor\6000.2.6f2\Editor\Data\PlaybackEngines\AndroidPlayer\OpenJDK\bin\server

VM Arguments:
java_command: <unknown>
java_class_path (initial): <not set>
Launcher Type: SUN_STANDARD

[Global flags]
     intx CICompilerCount                          = 12                                        {product} {ergonomic}
     uint ConcGCThreads                            = 3                                         {product} {ergonomic}
     uint G1ConcRefinementThreads                  = 13                                        {product} {ergonomic}
   size_t G1HeapRegionSize                         = 4194304                                   {product} {ergonomic}
    uintx GCDrainStackTargetSize                   = 64                                        {product} {ergonomic}
   size_t InitialHeapSize                          = 536870912                                 {product} {ergonomic}
   size_t MarkStackSize                            = 4194304                                   {product} {ergonomic}
   size_t MaxHeapSize                              = 8568963072                                {product} {ergonomic}
   size_t MinHeapDeltaBytes                        = 4194304                                   {product} {ergonomic}
   size_t MinHeapSize                              = 8388608                                   {product} {ergonomic}
    uintx NonNMethodCodeHeapSize                   = 7602480                                {pd product} {ergonomic}
    uintx NonProfiledCodeHeapSize                  = 122027880                              {pd product} {ergonomic}
    uintx ProfiledCodeHeapSize                     = 122027880                              {pd product} {ergonomic}
    uintx ReservedCodeCacheSize                    = 251658240                              {pd product} {ergonomic}
     bool SegmentedCodeCache                       = true                                      {product} {ergonomic}
   size_t SoftMaxHeapSize                          = 8568963072                             {manageable} {ergonomic}
     bool UseCompressedClassPointers               = true                           {product lp64_product} {ergonomic}
     bool UseCompressedOops                        = true                           {product lp64_product} {ergonomic}
     bool UseG1GC                                  = true                                      {product} {ergonomic}
     bool UseLargePagesIndividualAllocation        = false                                  {pd product} {ergonomic}

Logging:
Log output configuration:
 #0: stdout all=warning uptime,level,tags
 #1: stderr all=off uptime,level,tags

Environment Variables:
JAVA_HOME=D:\Program Files\Unity\Hub\Editor\6000.2.6f2\Editor\Data\PlaybackEngines\AndroidPlayer\OpenJDK
PATH=C:\Program Files\Eclipse Adoptium\jdk-17.0.17.10-hotspot\bin;C:\Program Files\Eclipse Adoptium\jre-21.0.8.9-hotspot\bin;C:\Program Files\Oculus\Support\oculus-runtime;C:\Program Files (x86)\NVIDIA Corporation\PhysX\Common;C:\Program Files\Common Files\Oracle\Java\javapath;C:\Program Files (x86)\Common Files\Oracle\Java\java8path;C:\Program Files (x86)\Common Files\Oracle\Java\javapath;C:\WINDOWS\system32;C:\WINDOWS;C:\WINDOWS\System32\Wbem;C:\WINDOWS\System32\WindowsPowerShell\v1.0\;C:\WINDOWS\System32\OpenSSH\;C:\Program Files\dotnet\;C:\Program Files\Calibre2\;C:\Program Files\CMake\bin;C:\msys64\mingw64\bin;C:\vcpkg;C:\ninja;C:\Program Files\GitHub CLI\;C:\wkhtmltox\bin;C:\msys64\usr\bin;C:\pdfsizeopt;C:\Program Files\gs\gs10.04.0\bin;C:\Program Files (x86)\PDFtk\bin\;C:\Program Files (x86)\PDFtk Server\bin\;C:\Program Files\PuTTY\;C:\Gradle\bin;C:\ChromeDriver;C:\Program Files\nodejs\;C:\Program Files\Docker\Docker\resources\bin;C:\Program Files\Git LFS;C:\adb;C:\Program Files\clang-uml\bin;C:\Program Files\Git\cmd;C:\ProgramData\chocolatey\bin;C:\Program Files\Mullvad VPN\resources;C:\Program Files\platform-tools;D:\FFMPEG;D:\structurz-cli;C:\Program Files (x86)\Graphviz\bin;C:\Program Files (x86)\Windows Kits\10\Windows Performance Toolkit\;C:\Users\NULL\scoop\shims;C:\Users\NULL\AppData\Local\Programs\Python\Python312\Scripts\;C:\Users\NULL\AppData\Local\Programs\Python\Python312\;C:\Users\NULL\AppData\Local\Microsoft\WindowsApps;C:\Users\NULL\AppData\Local\GitHubDesktop\bin;C:\Users\NULL\AppData\Local\Programs\Microsoft VS Code\bin;C:\Users\NULL\AppData\Local\Muse Hub\lib;C:\Users\NULL\AppData\Roaming\npm;C:\Users\NULL\.dotnet\tools;C:\Users\NULL\AppData\Local\Programs\MiKTeX\miktex\bin\x64\;C:\Program Files\JetBrains\IntelliJ IDEA 2024.3.2.1\bin;C:\Users\NULL\AppData\Local\JetBrains\Toolbox\scripts;C:\tools\neovim\nvim-win64\bin;C:\Users\NULL\AppData\Local\Microsoft\WindowsApps;C:\Users\NULL\AppData\Local\spicetify;C:\Users\NULL\AppData\Local\Programs\cur
USERNAME=NULL
OS=Windows_NT
PROCESSOR_IDENTIFIER=AMD64 Family 25 Model 33 Stepping 2, AuthenticAMD
TMP=C:\Users\NULL\AppData\Local\Temp
TEMP=C:\Users\NULL\AppData\Local\Temp



Periodic native trim disabled


---------------  S Y S T E M  ---------------

OS:
 Windows 11 , 64 bit Build 26100 (10.0.26100.6725)
OS uptime: 1 days 10:06 hours
Hyper-V role detected

CPU: total 16 (initial active 16) (16 cores per cpu, 2 threads per core) family 25 model 33 stepping 2 microcode 0xa20120a, cx8, cmov, fxsr, ht, mmx, 3dnowpref, sse, sse2, sse3, ssse3, sse4a, sse4.1, sse4.2, popcnt, lzcnt, tsc, tscinvbit, avx, avx2, aes, erms, clmul, bmi1, bmi2, adx, sha, fma, vzeroupper, clflush, clflushopt, hv
Processor Information for all 16 processors :
  Max Mhz: 3801, Current Mhz: 3801, Mhz Limit: 3801

Memory: 4k page, system-wide physical 32680M (2065M free)
TotalPageFile size 56306M (AvailPageFile size 116M)
current process WorkingSet (physical memory assigned to process): 13M, peak: 13M
current process commit charge ("private bytes"): 71M, peak: 583M

vm_info: OpenJDK 64-Bit Server VM (17.0.9+9) for windows-amd64 JRE (17.0.9+9), built on Oct 26 2023 14:01:42 by "admin" with MS VC++ 16.10 / 16.11 (VS2019)

END.
